<?xml version="1.0" encoding="UTF-8"?>
<!-- Generated by org.testng.reporters.JUnitReportReporter -->
<testsuite hostname="LAPTOP-A8AI0BAJ" failures="0" tests="1" name="com.j.Maven.RestAPITest" time="0.004" errors="0" timestamp="2021-03-17T16:07:23 IST" skipped="0">
  <testcase classname="com.j.Maven.RestAPITest" name="sullu3" time="0.004"/>
  <system-out/>
</testsuite> <!-- com.j.Maven.RestAPITest -->
